2024-03-19 14:30:22 Loading main app package /tmp/.mount_ObsididQmZ7x/resources/obsidian.asar
2024-03-19 14:30:23 Checking for update using Github
2024-03-19 14:30:23 Success.
2024-03-19 14:30:23 Latest version is 1.5.8
2024-03-19 14:30:23 App is up to date.
2024-03-19 15:30:22 Checking for update using Github
2024-03-19 15:30:22 Success.
2024-03-19 15:30:22 Latest version is 1.5.8
2024-03-19 15:30:22 App is up to date.
2024-03-19 16:30:22 Checking for update using Github
2024-03-19 16:30:22 Success.
2024-03-19 16:30:22 Latest version is 1.5.11
2024-03-19 16:30:22 Downloading update from https://github.com/obsidianmd/obsidian-releases/releases/download/v1.5.11/obsidian-1.5.11.asar.gz
2024-03-19 16:30:24 Verifying hash & signature. Size= 8781777
2024-03-19 16:30:24 Saving file
2024-03-19 16:30:24 Update complete.
2024-03-20 14:35:10 Loading updated app package /home/tailor/.config/obsidian/obsidian-1.5.11.asar
2024-03-20 14:35:11 Checking for update using Github
2024-03-20 14:35:11 Success.
2024-03-20 14:35:11 Latest version is 1.5.11
2024-03-20 14:35:11 App is up to date.
2024-03-26 14:35:58 Loading updated app package /home/tailor/.config/obsidian/obsidian-1.5.11.asar
2024-03-26 14:35:59 Checking for update using Github
2024-03-26 14:35:59 Success.
2024-03-26 14:35:59 Latest version is 1.5.11
2024-03-26 14:35:59 App is up to date.
2024-03-26 14:36:09 Loading updated app package /home/tailor/.config/obsidian/obsidian-1.5.11.asar
2024-03-26 14:36:09 Checking for update using Github
2024-03-26 14:36:09 Success.
2024-03-26 14:36:09 Latest version is 1.5.11
2024-03-26 14:36:09 App is up to date.
2024-03-26 14:36:27 Loading updated app package /home/tailor/.config/obsidian/obsidian-1.5.11.asar
2024-03-26 14:36:28 Checking for update using Github
2024-03-26 14:36:28 Success.
2024-03-26 14:36:28 Latest version is 1.5.11
2024-03-26 14:36:28 App is up to date.
2024-03-26 15:36:27 Checking for update using Github
2024-03-26 15:36:27 Success.
2024-03-26 15:36:27 Latest version is 1.5.11
2024-03-26 15:36:27 App is up to date.
2024-04-03 14:08:02 Loading updated app package /home/tailor/.config/obsidian/obsidian-1.5.11.asar
2024-04-03 14:08:03 Checking for update using Github
2024-04-03 14:08:03 Success.
2024-04-03 14:08:03 Latest version is 1.5.12
2024-04-03 14:08:03 Downloading update from https://github.com/obsidianmd/obsidian-releases/releases/download/v1.5.12/obsidian-1.5.12.asar.gz
2024-04-03 14:08:04 Verifying hash & signature. Size= 8781526
2024-04-03 14:08:05 Saving file
2024-04-03 14:08:05 Update complete.
2024-04-03 14:12:22 Loading updated app package /home/tailor/.config/obsidian/obsidian-1.5.12.asar
2024-04-03 14:12:22 Checking for update using Github
2024-04-03 14:12:22 Success.
2024-04-03 14:12:22 Latest version is 1.5.12
2024-04-03 14:12:22 App is up to date.
2024-04-03 14:17:49 Loading updated app package /home/tailor/.config/obsidian/obsidian-1.5.12.asar
2024-04-03 14:17:49 Checking for update using Github
2024-04-03 14:17:49 Success.
2024-04-03 14:17:49 Latest version is 1.5.12
2024-04-03 14:17:49 App is up to date.
2024-04-03 14:17:55 Loading updated app package /home/tailor/.config/obsidian/obsidian-1.5.12.asar
2024-04-03 14:17:55 Checking for update using Github
2024-04-03 14:17:55 Success.
2024-04-03 14:17:55 Latest version is 1.5.12
2024-04-03 14:17:55 App is up to date.
2024-04-03 14:18:17 Loading updated app package /home/tailor/.config/obsidian/obsidian-1.5.12.asar
2024-04-03 14:18:17 Checking for update using Github
2024-04-04 11:41:04 Loading updated app package /home/tailor/.config/obsidian/obsidian-1.5.12.asar
2024-04-04 11:41:04 Checking for update using Github
2024-04-04 11:41:04 Success.
2024-04-04 11:41:04 Latest version is 1.5.12
2024-04-04 11:41:04 App is up to date.
2024-04-04 11:41:37 Loading updated app package /home/tailor/.config/obsidian/obsidian-1.5.12.asar
2024-04-04 11:41:37 Checking for update using Github
2024-04-04 11:41:38 Success.
2024-04-04 11:41:38 Latest version is 1.5.12
2024-04-04 11:41:38 App is up to date.
2024-04-04 12:41:37 Checking for update using Github
2024-04-04 12:41:37 Success.
2024-04-04 12:41:37 Latest version is 1.5.12
2024-04-04 12:41:37 App is up to date.
2024-04-04 13:41:37 Checking for update using Github
2024-04-04 13:41:37 Success.
2024-04-04 13:41:37 Latest version is 1.5.12
2024-04-04 13:41:37 App is up to date.
2024-04-04 15:33:22 Loading updated app package /home/tailor/.config/obsidian/obsidian-1.5.12.asar
2024-04-04 15:33:23 Checking for update using Github
2024-04-04 15:33:23 Success.
2024-04-04 15:33:23 Latest version is 1.5.12
2024-04-04 15:33:23 App is up to date.
2024-04-04 15:33:36 Loading updated app package /home/tailor/.config/obsidian/obsidian-1.5.12.asar
2024-04-04 15:33:36 Checking for update using Github
2024-04-04 15:33:36 Success.
2024-04-04 15:33:36 Latest version is 1.5.12
2024-04-04 15:33:36 App is up to date.
2024-04-04 15:34:01 Loading updated app package /home/tailor/.config/obsidian/obsidian-1.5.12.asar
2024-04-04 15:34:02 Checking for update using Github
2024-04-04 15:34:02 Success.
2024-04-04 15:34:02 Latest version is 1.5.12
2024-04-04 15:34:02 App is up to date.
2024-04-04 15:36:20 Loading updated app package /home/tailor/.config/obsidian/obsidian-1.5.12.asar
2024-04-04 15:36:20 Checking for update using Github
2024-04-04 15:36:20 Success.
2024-04-04 15:36:20 Latest version is 1.5.12
2024-04-04 15:36:20 App is up to date.
2024-04-04 15:37:35 Loading updated app package /home/tailor/.config/obsidian/obsidian-1.5.12.asar
2024-04-04 15:37:36 Checking for update using Github
2024-04-04 15:37:36 Success.
2024-04-04 15:37:36 Latest version is 1.5.12
2024-04-04 15:37:36 App is up to date.
2024-04-04 15:38:08 Loading updated app package /home/tailor/.config/obsidian/obsidian-1.5.12.asar
2024-04-04 15:38:09 Checking for update using Github
2024-04-04 15:38:09 Success.
2024-04-04 15:38:09 Latest version is 1.5.12
2024-04-04 15:38:09 App is up to date.
2024-04-04 15:38:16 Loading updated app package /home/tailor/.config/obsidian/obsidian-1.5.12.asar
2024-04-04 15:38:17 Checking for update using Github
2024-04-04 15:38:17 Success.
2024-04-04 15:38:17 Latest version is 1.5.12
2024-04-04 15:38:17 App is up to date.
2024-04-04 15:38:53 Loading updated app package /home/tailor/.config/obsidian/obsidian-1.5.12.asar
2024-04-04 15:38:53 Checking for update using Github
2024-04-04 15:38:53 Success.
2024-04-04 15:38:53 Latest version is 1.5.12
2024-04-04 15:38:53 App is up to date.
2024-04-04 15:40:42 Loading updated app package /home/tailor/.config/obsidian/obsidian-1.5.12.asar
2024-04-04 15:40:43 Checking for update using Github
2024-04-04 15:40:43 Success.
2024-04-04 15:40:43 Latest version is 1.5.12
2024-04-04 15:40:43 App is up to date.
2024-04-04 15:40:58 Loading updated app package /home/tailor/.config/obsidian/obsidian-1.5.12.asar
2024-04-04 15:40:59 Checking for update using Github
2024-04-04 15:40:59 Success.
2024-04-04 15:40:59 Latest version is 1.5.12
2024-04-04 15:40:59 App is up to date.
2024-04-05 14:41:56 Loading updated app package /home/tailor/.config/obsidian/obsidian-1.5.12.asar
2024-04-05 14:41:57 Checking for update using Github
2024-04-05 14:41:57 Success.
2024-04-05 14:41:57 Latest version is 1.5.12
2024-04-05 14:41:57 App is up to date.
2024-04-05 15:41:57 Checking for update using Github
2024-04-05 15:41:57 Success.
2024-04-05 15:41:57 Latest version is 1.5.12
2024-04-05 15:41:57 App is up to date.
2024-04-05 16:41:57 Checking for update using Github
2024-04-05 16:41:57 Success.
2024-04-05 16:41:57 Latest version is 1.5.12
2024-04-05 16:41:57 App is up to date.
2024-04-08 00:48:39 Checking for update using Github
2024-04-08 00:48:39 Success.
2024-04-08 00:48:39 Latest version is 1.5.12
2024-04-08 00:48:39 App is up to date.
2024-04-08 01:48:39 Checking for update using Github
2024-04-08 01:48:39 Success.
2024-04-08 01:48:39 Latest version is 1.5.12
2024-04-08 01:48:39 App is up to date.
2024-04-08 02:48:39 Checking for update using Github
2024-04-08 02:48:39 Success.
2024-04-08 02:48:39 Latest version is 1.5.12
2024-04-08 02:48:39 App is up to date.
2024-04-08 03:48:39 Checking for update using Github
2024-04-08 03:48:39 Success.
2024-04-08 03:48:39 Latest version is 1.5.12
2024-04-08 03:48:39 App is up to date.
2024-04-08 04:48:39 Checking for update using Github
2024-04-08 04:48:39 Success.
2024-04-08 04:48:39 Latest version is 1.5.12
2024-04-08 04:48:39 App is up to date.
2024-04-08 05:48:39 Checking for update using Github
2024-04-08 05:48:39 Success.
2024-04-08 05:48:39 Latest version is 1.5.12
2024-04-08 05:48:39 App is up to date.
2024-04-08 06:02:16 Loading updated app package /home/tailor/.config/obsidian/obsidian-1.5.12.asar
2024-04-08 06:02:16 Checking for update using Github
2024-04-08 06:02:16 Success.
2024-04-08 06:02:16 Latest version is 1.5.12
2024-04-08 06:02:16 App is up to date.
2024-04-08 07:02:16 Checking for update using Github
2024-04-08 07:02:16 Success.
2024-04-08 07:02:16 Latest version is 1.5.12
2024-04-08 07:02:16 App is up to date.
2024-04-08 08:02:16 Checking for update using Github
2024-04-08 08:02:16 Success.
2024-04-08 08:02:16 Latest version is 1.5.12
2024-04-08 08:02:16 App is up to date.
2024-04-08 09:02:16 Checking for update using Github
2024-04-08 09:02:16 Success.
2024-04-08 09:02:16 Latest version is 1.5.12
2024-04-08 09:02:16 App is up to date.
2024-04-08 15:34:00 Loading updated app package /home/tailor/.config/obsidian/obsidian-1.5.12.asar
2024-04-08 15:34:01 Checking for update using Github
2024-04-08 15:34:01 Success.
2024-04-08 15:34:01 Latest version is 1.5.12
2024-04-08 15:34:01 App is up to date.
2024-04-08 16:34:00 Checking for update using Github
2024-04-08 16:34:00 Success.
2024-04-08 16:34:00 Latest version is 1.5.12
2024-04-08 16:34:00 App is up to date.
2024-04-08 17:34:00 Checking for update using Github
2024-04-08 17:34:00 Success.
2024-04-08 17:34:00 Latest version is 1.5.12
2024-04-08 17:34:00 App is up to date.
2024-04-08 18:34:00 Checking for update using Github
2024-04-08 18:34:00 Success.
2024-04-08 18:34:00 Latest version is 1.5.12
2024-04-08 18:34:00 App is up to date.
2024-04-08 19:34:00 Checking for update using Github
2024-04-08 19:34:00 Success.
2024-04-08 19:34:00 Latest version is 1.5.12
2024-04-08 19:34:00 App is up to date.
2024-04-08 20:34:00 Checking for update using Github
2024-04-08 20:34:00 Success.
2024-04-08 20:34:00 Latest version is 1.5.12
2024-04-08 20:34:00 App is up to date.
2024-04-08 21:34:00 Checking for update using Github
2024-04-08 21:34:00 Success.
2024-04-08 21:34:00 Latest version is 1.5.12
2024-04-08 21:34:00 App is up to date.
2024-04-08 22:34:00 Checking for update using Github
2024-04-08 22:34:01 Success.
2024-04-08 22:34:01 Latest version is 1.5.12
2024-04-08 22:34:01 App is up to date.
2024-04-08 23:34:01 Checking for update using Github
2024-04-08 23:34:01 Success.
2024-04-08 23:34:01 Latest version is 1.5.12
2024-04-08 23:34:01 App is up to date.
2024-04-09 00:34:01 Checking for update using Github
2024-04-09 00:34:01 Success.
2024-04-09 00:34:01 Latest version is 1.5.12
2024-04-09 00:34:01 App is up to date.
2024-04-09 01:34:01 Checking for update using Github
2024-04-09 01:34:01 Success.
2024-04-09 01:34:01 Latest version is 1.5.12
2024-04-09 01:34:01 App is up to date.
2024-04-09 02:34:01 Checking for update using Github
2024-04-09 02:34:01 Success.
2024-04-09 02:34:01 Latest version is 1.5.12
2024-04-09 02:34:01 App is up to date.
2024-04-09 03:34:01 Checking for update using Github
2024-04-09 03:34:01 Success.
2024-04-09 03:34:01 Latest version is 1.5.12
2024-04-09 03:34:01 App is up to date.
2024-04-09 04:34:01 Checking for update using Github
2024-04-09 04:34:01 Success.
2024-04-09 04:34:01 Latest version is 1.5.12
2024-04-09 04:34:01 App is up to date.
2024-04-09 05:34:01 Checking for update using Github
2024-04-09 05:34:01 Success.
2024-04-09 05:34:01 Latest version is 1.5.12
2024-04-09 05:34:01 App is up to date.
2024-04-09 06:34:01 Checking for update using Github
2024-04-09 06:34:01 Success.
2024-04-09 06:34:01 Latest version is 1.5.12
2024-04-09 06:34:01 App is up to date.
2024-04-09 07:34:01 Checking for update using Github
2024-04-09 07:34:01 Success.
2024-04-09 07:34:01 Latest version is 1.5.12
2024-04-09 07:34:01 App is up to date.
2024-04-09 08:38:26 Checking for update using Github
2024-04-09 08:38:26 Success.
2024-04-09 08:38:26 Latest version is 1.5.12
2024-04-09 08:38:26 App is up to date.
2024-04-09 09:38:26 Checking for update using Github
2024-04-09 09:38:26 Success.
2024-04-09 09:38:26 Latest version is 1.5.12
2024-04-09 09:38:26 App is up to date.
2024-04-09 10:38:26 Checking for update using Github
2024-04-09 10:38:26 Success.
2024-04-09 10:38:26 Latest version is 1.5.12
2024-04-09 10:38:26 App is up to date.
2024-04-09 11:38:26 Checking for update using Github
2024-04-09 11:38:26 Success.
2024-04-09 11:38:26 Latest version is 1.5.12
2024-04-09 11:38:26 App is up to date.
2024-04-09 12:38:26 Checking for update using Github
2024-04-09 12:38:26 Success.
2024-04-09 12:38:26 Latest version is 1.5.12
2024-04-09 12:38:26 App is up to date.
2024-04-09 13:38:27 Checking for update using Github
2024-04-09 13:38:27 Success.
2024-04-09 13:38:27 Latest version is 1.5.12
2024-04-09 13:38:27 App is up to date.
2024-04-09 14:38:27 Checking for update using Github
2024-04-09 14:38:27 Success.
2024-04-09 14:38:27 Latest version is 1.5.12
2024-04-09 14:38:27 App is up to date.
2024-04-09 15:38:27 Checking for update using Github
2024-04-09 15:38:27 Success.
2024-04-09 15:38:27 Latest version is 1.5.12
2024-04-09 15:38:27 App is up to date.
2024-04-09 16:38:27 Checking for update using Github
2024-04-09 16:38:27 Success.
2024-04-09 16:38:27 Latest version is 1.5.12
2024-04-09 16:38:27 App is up to date.
2024-04-09 17:38:27 Checking for update using Github
2024-04-09 17:38:32 Success.
2024-04-09 17:38:32 Latest version is 1.5.12
2024-04-09 17:38:32 App is up to date.
2024-04-09 18:38:27 Checking for update using Github
2024-04-09 18:38:27 Success.
2024-04-09 18:38:27 Latest version is 1.5.12
2024-04-09 18:38:27 App is up to date.
2024-04-09 19:38:27 Checking for update using Github
2024-04-09 19:38:27 Success.
2024-04-09 19:38:27 Latest version is 1.5.12
2024-04-09 19:38:27 App is up to date.
2024-04-09 20:38:27 Checking for update using Github
2024-04-09 20:38:27 Success.
2024-04-09 20:38:27 Latest version is 1.5.12
2024-04-09 20:38:27 App is up to date.
2024-04-09 21:38:27 Checking for update using Github
2024-04-09 21:38:27 Success.
2024-04-09 21:38:27 Latest version is 1.5.12
2024-04-09 21:38:27 App is up to date.
2024-04-09 22:38:27 Checking for update using Github
2024-04-09 22:38:27 Success.
2024-04-09 22:38:27 Latest version is 1.5.12
2024-04-09 22:38:27 App is up to date.
2024-04-09 23:38:27 Checking for update using Github
2024-04-09 23:38:27 Success.
2024-04-09 23:38:27 Latest version is 1.5.12
2024-04-09 23:38:27 App is up to date.
2024-04-10 00:38:27 Checking for update using Github
2024-04-10 00:38:27 Success.
2024-04-10 00:38:27 Latest version is 1.5.12
2024-04-10 00:38:27 App is up to date.
2024-04-10 01:38:27 Checking for update using Github
2024-04-10 01:38:27 Success.
2024-04-10 01:38:27 Latest version is 1.5.12
2024-04-10 01:38:27 App is up to date.
2024-04-10 02:38:27 Checking for update using Github
2024-04-10 02:38:27 Success.
2024-04-10 02:38:27 Latest version is 1.5.12
2024-04-10 02:38:27 App is up to date.
2024-04-10 03:38:27 Checking for update using Github
2024-04-10 03:38:27 Success.
2024-04-10 03:38:27 Latest version is 1.5.12
2024-04-10 03:38:27 App is up to date.
2024-04-10 04:38:27 Checking for update using Github
2024-04-10 04:38:27 Success.
2024-04-10 04:38:27 Latest version is 1.5.12
2024-04-10 04:38:27 App is up to date.
2024-04-10 05:38:28 Checking for update using Github
2024-04-10 05:38:28 Success.
2024-04-10 05:38:28 Latest version is 1.5.12
2024-04-10 05:38:28 App is up to date.
2024-04-10 07:32:35 Checking for update using Github
2024-04-10 07:32:35 Failed to check for update using Github (net::ERR_INTERNET_DISCONNECTED)
2024-04-10 07:32:35 Checking for update using obsidian.md
2024-04-10 07:32:35 Failed to check for update using obsidian.md (net::ERR_INTERNET_DISCONNECTED)
2024-04-10 08:33:33 Checking for update using Github
2024-04-10 08:33:33 Success.
2024-04-10 08:33:33 Latest version is 1.5.12
2024-04-10 08:33:33 App is up to date.
2024-04-12 14:47:12 Checking for update using Github
2024-04-12 14:47:12 Success.
2024-04-12 14:47:12 Latest version is 1.5.12
2024-04-12 14:47:12 App is up to date.
2024-04-12 15:47:02 Checking for update using Github
2024-04-12 15:47:02 Success.
2024-04-12 15:47:02 Latest version is 1.5.12
2024-04-12 15:47:02 App is up to date.
2024-04-12 16:47:03 Checking for update using Github
2024-04-12 16:47:03 Success.
2024-04-12 16:47:03 Latest version is 1.5.12
2024-04-12 16:47:03 App is up to date.
2024-04-12 17:47:03 Checking for update using Github
2024-04-12 17:47:03 Success.
2024-04-12 17:47:03 Latest version is 1.5.12
2024-04-12 17:47:03 App is up to date.
2024-04-12 18:47:03 Checking for update using Github
2024-04-12 18:47:03 Success.
2024-04-12 18:47:03 Latest version is 1.5.12
2024-04-12 18:47:03 App is up to date.
2024-04-13 05:02:01 Checking for update using Github
2024-04-13 05:02:01 Failed to check for update using Github (net::ERR_INTERNET_DISCONNECTED)
2024-04-13 05:02:01 Checking for update using obsidian.md
2024-04-13 05:02:01 Failed to check for update using obsidian.md (net::ERR_INTERNET_DISCONNECTED)
2024-04-13 06:02:01 Checking for update using Github
2024-04-13 06:02:01 Failed to check for update using Github (net::ERR_INTERNET_DISCONNECTED)
2024-04-13 06:02:01 Checking for update using obsidian.md
2024-04-13 06:02:01 Failed to check for update using obsidian.md (net::ERR_INTERNET_DISCONNECTED)
